d:\portaudio\portaudio_win\portaudio_win\x64\debug\portaudio_win.pch
d:\portaudio\portaudio_win\portaudio_win\x64\debug\vc141.pdb
d:\portaudio\portaudio_win\portaudio_win\x64\debug\vc141.idb
d:\portaudio\portaudio_win\portaudio_win\x64\debug\stdafx.obj
d:\portaudio\portaudio_win\portaudio_win\x64\debug\asio.obj
d:\portaudio\portaudio_win\portaudio_win\x64\debug\asiodrivers.obj
d:\portaudio\portaudio_win\portaudio_win\x64\debug\asiolist.obj
d:\portaudio\portaudio_win\portaudio_win\x64\debug\pa_asio.obj
d:\portaudio\portaudio_win\portaudio_win\x64\debug\portaudio_win.obj
d:\portaudio\portaudio_win\portaudio_win\x64\debug\pa_allocation.obj
d:\portaudio\portaudio_win\portaudio_win\x64\debug\pa_converters.obj
d:\portaudio\portaudio_win\portaudio_win\x64\debug\pa_cpuload.obj
d:\portaudio\portaudio_win\portaudio_win\x64\debug\pa_debugprint.obj
d:\portaudio\portaudio_win\portaudio_win\x64\debug\pa_dither.obj
d:\portaudio\portaudio_win\portaudio_win\x64\debug\pa_front.obj
d:\portaudio\portaudio_win\portaudio_win\x64\debug\pa_process.obj
d:\portaudio\portaudio_win\portaudio_win\x64\debug\pa_ringbuffer.obj
d:\portaudio\portaudio_win\portaudio_win\x64\debug\pa_stream.obj
d:\portaudio\portaudio_win\portaudio_win\x64\debug\pa_trace.obj
d:\portaudio\portaudio_win\portaudio_win\x64\debug\pa_win_coinitialize.obj
d:\portaudio\portaudio_win\portaudio_win\x64\debug\pa_win_hostapis.obj
d:\portaudio\portaudio_win\portaudio_win\x64\debug\pa_win_util.obj
d:\portaudio\portaudio_win\portaudio_win\x64\debug\pa_win_waveformat.obj
d:\portaudio\portaudio_win\portaudio_win\x64\debug\pa_win_wdmks_utils.obj
d:\portaudio\portaudio_win\portaudio_win\x64\debug\pa_x86_plain_converters.obj
d:\portaudio\portaudio_win\x64\debug\portaudio_win.ilk
d:\portaudio\portaudio_win\x64\debug\portaudio_win.exe
d:\portaudio\portaudio_win\x64\debug\portaudio_win.pdb
d:\portaudio\portaudio_win\portaudio_win\x64\debug\portaudio_win.tlog\cl.command.1.tlog
d:\portaudio\portaudio_win\portaudio_win\x64\debug\portaudio_win.tlog\cl.read.1.tlog
d:\portaudio\portaudio_win\portaudio_win\x64\debug\portaudio_win.tlog\cl.write.1.tlog
d:\portaudio\portaudio_win\portaudio_win\x64\debug\portaudio_win.tlog\link.command.1.tlog
d:\portaudio\portaudio_win\portaudio_win\x64\debug\portaudio_win.tlog\link.read.1.tlog
d:\portaudio\portaudio_win\portaudio_win\x64\debug\portaudio_win.tlog\link.write.1.tlog
