d:\portaudio\portaudio\build\msvc\win32\debug\vc141.pdb
d:\portaudio\portaudio\build\msvc\win32\debug\vc141.idb
d:\portaudio\portaudio\build\msvc\win32\debug\asio.obj
d:\portaudio\portaudio\build\msvc\win32\debug\asiodrivers.obj
d:\portaudio\portaudio\build\msvc\win32\debug\asiolist.obj
d:\portaudio\portaudio\build\msvc\win32\debug\pa_asio.obj
d:\portaudio\portaudio\build\msvc\win32\debug\pa_cpuload.obj
d:\portaudio\portaudio\build\msvc\win32\debug\pa_debugprint.obj
d:\portaudio\portaudio\build\msvc\win32\debug\pa_dither.obj
d:\portaudio\portaudio\build\msvc\win32\debug\pa_front.obj
d:\portaudio\portaudio\build\msvc\win32\debug\pa_process.obj
d:\portaudio\portaudio\build\msvc\win32\debug\pa_ringbuffer.obj
d:\portaudio\portaudio\build\msvc\win32\debug\pa_stream.obj
d:\portaudio\portaudio\build\msvc\win32\debug\pa_trace.obj
d:\portaudio\portaudio\build\msvc\win32\debug\pa_win_ds.obj
d:\portaudio\portaudio\build\msvc\win32\debug\pa_win_ds_dynlink.obj
d:\portaudio\portaudio\build\msvc\win32\debug\pa_hostapi_skeleton.obj
d:\portaudio\portaudio\build\msvc\win32\debug\pa_win_wasapi.obj
d:\portaudio\portaudio\build\msvc\win32\debug\pa_win_wdmks.obj
d:\portaudio\portaudio\build\msvc\win32\debug\pa_win_wmme.obj
d:\portaudio\portaudio\build\msvc\win32\debug\pa_win_coinitialize.obj
d:\portaudio\portaudio\build\msvc\win32\debug\pa_win_hostapis.obj
d:\portaudio\portaudio\build\msvc\win32\debug\pa_win_util.obj
d:\portaudio\portaudio\build\msvc\win32\debug\pa_win_waveformat.obj
d:\portaudio\portaudio\build\msvc\win32\debug\pa_win_wdmks_utils.obj
d:\portaudio\portaudio\build\msvc\win32\debug\pa_x86_plain_converters.obj
d:\portaudio\portaudio\build\msvc\win32\debug\pa_allocation.obj
d:\portaudio\portaudio\build\msvc\win32\debug\pa_converters.obj
d:\portaudio\portaudio\build\msvc\win32\debug\portaudio_x86.exp
d:\portaudio\portaudio\build\msvc\win32\debug\portaudio.tlog\cl.command.1.tlog
d:\portaudio\portaudio\build\msvc\win32\debug\portaudio.tlog\cl.read.1.tlog
d:\portaudio\portaudio\build\msvc\win32\debug\portaudio.tlog\cl.write.1.tlog
d:\portaudio\portaudio\build\msvc\win32\debug\portaudio.tlog\link.command.1.tlog
d:\portaudio\portaudio\build\msvc\win32\debug\portaudio.tlog\link.read.1.tlog
d:\portaudio\portaudio\build\msvc\win32\debug\portaudio.tlog\link.write.1.tlog
