  pa_asio.cpp
  asiolist.cpp
  asiodrivers.cpp
  asio.cpp
  Generating Code...
  pa_x86_plain_converters.c
  pa_win_wdmks_utils.c
  pa_win_waveformat.c
  pa_win_util.c
  pa_win_hostapis.c
  pa_win_coinitialize.c
  pa_win_wmme.c
  pa_win_wdmks.c
  pa_win_wasapi.c
  pa_hostapi_skeleton.c
  pa_win_ds_dynlink.c
  pa_win_ds.c
  pa_trace.c
  pa_stream.c
  pa_ringbuffer.c
  pa_process.c
  pa_front.c
  pa_dither.c
  pa_debugprint.c
  pa_cpuload.c
  Generating Code...
  Compiling...
  pa_converters.c
  pa_allocation.c
  Generating Code...
  portaudio.vcxproj -> D:\portaudio\portaudio\build\msvc\Win32\Debug\portaudio.lib
