  stdafx.cpp
  asio.cpp
  asiodrivers.cpp
  asiolist.cpp
..\..\ASIOSDK2.3\host\pc\asiolist.cpp(25): warning C4267: 'argument': conversion from 'size_t' to 'DWORD', possible loss of data
..\..\ASIOSDK2.3\host\pc\asiolist.cpp(32): warning C4267: 'argument': conversion from 'size_t' to 'DWORD', possible loss of data
  pa_asio.cpp
  portaudio_win.cpp
  BuddyBox.c
..\..\BuddyBox-PPM\BuddyBox.c(76): warning C4244: '=': conversion from 'float' to 'unsigned int', possible loss of data
..\..\BuddyBox-PPM\BuddyBox.c(108): warning C4244: 'return': conversion from 'double' to 'float', possible loss of data
..\..\BuddyBox-PPM\BuddyBox.c(123): warning C4244: 'return': conversion from 'unsigned int' to 'float', possible loss of data
..\..\BuddyBox-PPM\BuddyBox.c(295): warning C4244: '=': conversion from 'float' to 'unsigned int', possible loss of data
  BuddyBoxThread.c
  main.c
..\..\BuddyBox-PPM\main.c(78): warning C4013: 'Sleep' undefined; assuming extern returning int
  PortAudioStream.c
  pa_devs.c
..\..\portaudio\examples\pa_devs.c(246): warning C4013: 'getch' undefined; assuming extern returning int
  pa_allocation.c
  pa_converters.c
  pa_cpuload.c
  pa_debugprint.c
  pa_dither.c
  pa_front.c
  pa_process.c
  pa_ringbuffer.c
  pa_stream.c
  pa_trace.c
  pa_win_coinitialize.c
  pa_win_hostapis.c
  pa_win_util.c
  pa_win_waveformat.c
  pa_win_wdmks_utils.c
  Compiling...
  pa_x86_plain_converters.c
pa_win_hostapis.obj : error LNK2001: unresolved external symbol PaWinDs_Initialize
pa_win_hostapis.obj : error LNK2001: unresolved external symbol PaWasapi_Initialize
D:\portaudio\portaudio_win\x64\Release\portaudio_win.exe : fatal error LNK1120: 2 unresolved externals
