d:\portaudio\portaudio_win\portaudio_win\x64\release\portaudio_win.pch
d:\portaudio\portaudio_win\portaudio_win\x64\release\vc141.pdb
d:\portaudio\portaudio_win\portaudio_win\x64\release\stdafx.obj
d:\portaudio\portaudio_win\portaudio_win\x64\release\portaudio_win.obj
d:\portaudio\portaudio_win\portaudio_win\x64\release\pa_asio.obj
d:\portaudio\portaudio_win\portaudio_win\x64\release\asiolist.obj
d:\portaudio\portaudio_win\portaudio_win\x64\release\asiodrivers.obj
d:\portaudio\portaudio_win\portaudio_win\x64\release\asio.obj
d:\portaudio\portaudio_win\portaudio_win\x64\release\pa_win_wdmks_utils.obj
d:\portaudio\portaudio_win\portaudio_win\x64\release\pa_win_waveformat.obj
d:\portaudio\portaudio_win\portaudio_win\x64\release\pa_win_util.obj
d:\portaudio\portaudio_win\portaudio_win\x64\release\pa_win_hostapis.obj
d:\portaudio\portaudio_win\portaudio_win\x64\release\pa_win_coinitialize.obj
d:\portaudio\portaudio_win\portaudio_win\x64\release\pa_trace.obj
d:\portaudio\portaudio_win\portaudio_win\x64\release\pa_stream.obj
d:\portaudio\portaudio_win\portaudio_win\x64\release\pa_ringbuffer.obj
d:\portaudio\portaudio_win\portaudio_win\x64\release\pa_process.obj
d:\portaudio\portaudio_win\portaudio_win\x64\release\pa_front.obj
d:\portaudio\portaudio_win\portaudio_win\x64\release\pa_dither.obj
d:\portaudio\portaudio_win\portaudio_win\x64\release\pa_debugprint.obj
d:\portaudio\portaudio_win\portaudio_win\x64\release\pa_cpuload.obj
d:\portaudio\portaudio_win\portaudio_win\x64\release\pa_converters.obj
d:\portaudio\portaudio_win\portaudio_win\x64\release\pa_allocation.obj
d:\portaudio\portaudio_win\portaudio_win\x64\release\pa_devs.obj
d:\portaudio\portaudio_win\portaudio_win\x64\release\portaudiostream.obj
d:\portaudio\portaudio_win\portaudio_win\x64\release\main.obj
d:\portaudio\portaudio_win\portaudio_win\x64\release\buddyboxthread.obj
d:\portaudio\portaudio_win\portaudio_win\x64\release\buddybox.obj
d:\portaudio\portaudio_win\portaudio_win\x64\release\pa_x86_plain_converters.obj
d:\portaudio\portaudio_win\portaudio_win\x64\release\portaudio_win.tlog\cl.command.1.tlog
d:\portaudio\portaudio_win\portaudio_win\x64\release\portaudio_win.tlog\cl.read.1.tlog
d:\portaudio\portaudio_win\portaudio_win\x64\release\portaudio_win.tlog\cl.write.1.tlog
d:\portaudio\portaudio_win\portaudio_win\x64\release\portaudio_win.tlog\link.command.1.tlog
d:\portaudio\portaudio_win\portaudio_win\x64\release\portaudio_win.tlog\link.read.1.tlog
d:\portaudio\portaudio_win\portaudio_win\x64\release\portaudio_win.tlog\link.write.1.tlog
