d:\portaudio\portaudio\build\msvc\x64\releasemindependency\portaudio.pdb
d:\portaudio\portaudio\build\msvc\x64\releasemindependency\pa_asio.obj
d:\portaudio\portaudio\build\msvc\x64\releasemindependency\asiolist.obj
d:\portaudio\portaudio\build\msvc\x64\releasemindependency\asiodrivers.obj
d:\portaudio\portaudio\build\msvc\x64\releasemindependency\asio.obj
d:\portaudio\portaudio\build\msvc\x64\releasemindependency\pa_win_waveformat.obj
d:\portaudio\portaudio\build\msvc\x64\releasemindependency\pa_win_util.obj
d:\portaudio\portaudio\build\msvc\x64\releasemindependency\pa_win_hostapis.obj
d:\portaudio\portaudio\build\msvc\x64\releasemindependency\pa_win_coinitialize.obj
d:\portaudio\portaudio\build\msvc\x64\releasemindependency\pa_win_wmme.obj
d:\portaudio\portaudio\build\msvc\x64\releasemindependency\pa_win_wdmks.obj
d:\portaudio\portaudio\build\msvc\x64\releasemindependency\pa_win_wasapi.obj
d:\portaudio\portaudio\build\msvc\x64\releasemindependency\pa_hostapi_skeleton.obj
d:\portaudio\portaudio\build\msvc\x64\releasemindependency\pa_win_ds_dynlink.obj
d:\portaudio\portaudio\build\msvc\x64\releasemindependency\pa_win_ds.obj
d:\portaudio\portaudio\build\msvc\x64\releasemindependency\pa_trace.obj
d:\portaudio\portaudio\build\msvc\x64\releasemindependency\pa_stream.obj
d:\portaudio\portaudio\build\msvc\x64\releasemindependency\pa_ringbuffer.obj
d:\portaudio\portaudio\build\msvc\x64\releasemindependency\pa_process.obj
d:\portaudio\portaudio\build\msvc\x64\releasemindependency\pa_front.obj
d:\portaudio\portaudio\build\msvc\x64\releasemindependency\pa_dither.obj
d:\portaudio\portaudio\build\msvc\x64\releasemindependency\pa_debugprint.obj
d:\portaudio\portaudio\build\msvc\x64\releasemindependency\pa_cpuload.obj
d:\portaudio\portaudio\build\msvc\x64\releasemindependency\pa_converters.obj
d:\portaudio\portaudio\build\msvc\x64\releasemindependency\pa_allocation.obj
d:\portaudio\portaudio\build\msvc\x64\releasemindependency\pa_x86_plain_converters.obj
d:\portaudio\portaudio\build\msvc\x64\releasemindependency\pa_win_wdmks_utils.obj
d:\portaudio\portaudio\build\msvc\x64\releasemindependency\portaudio.lib
d:\portaudio\portaudio\build\msvc\x64\releasemindependency\portaudio.tlog\cl.command.1.tlog
d:\portaudio\portaudio\build\msvc\x64\releasemindependency\portaudio.tlog\cl.read.1.tlog
d:\portaudio\portaudio\build\msvc\x64\releasemindependency\portaudio.tlog\cl.write.1.tlog
d:\portaudio\portaudio\build\msvc\x64\releasemindependency\portaudio.tlog\lib-link.read.1.tlog
d:\portaudio\portaudio\build\msvc\x64\releasemindependency\portaudio.tlog\lib-link.write.1.tlog
d:\portaudio\portaudio\build\msvc\x64\releasemindependency\portaudio.tlog\lib.command.1.tlog
